<?xml version="1.0" encoding="UTF-8"?>
<testsuite name="com.aulms.rule.RuleEngineTest" tests="6" skipped="0" failures="0" errors="0" timestamp="2026-05-29T08:16:54.632Z" hostname="NHY9M72K9J" time="0.007">
  <properties/>
  <testcase name="approved standard api field returns no issues()" classname="com.aulms.rule.RuleEngineTest" time="0.001"/>
  <testcase name="standard term used as wrong expression type returns recommended expression()" classname="com.aulms.rule.RuleEngineTest" time="0.002"/>
  <testcase name="forbidden db column returns error and standard db column()" classname="com.aulms.rule.RuleEngineTest" time="0.0"/>
  <testcase name="customerId returns customerNumber recommendation()" classname="com.aulms.rule.RuleEngineTest" time="0.0"/>
  <testcase name="physical specification mismatch returns errors()" classname="com.aulms.rule.RuleEngineTest" time="0.002"/>
  <testcase name="draft term in development artifact returns error()" classname="com.aulms.rule.RuleEngineTest" time="0.001"/>
  <system-out><![CDATA[]]></system-out>
  <system-err><![CDATA[]]></system-err>
</testsuite>
