<?xml version="1.0" encoding="UTF-8"?>
<testsuite name="com.aulms.search.SemanticSearchApiContractTest" tests="1" skipped="0" failures="0" errors="0" timestamp="2026-05-29T08:16:54.738Z" hostname="NHY9M72K9J" time="0.024">
  <properties/>
  <testcase name="semantic search recommends order date and order date time()" classname="com.aulms.search.SemanticSearchApiContractTest" time="0.024"/>
  <system-out><![CDATA[2026-05-29T17:16:54.735+09:00  INFO 34828 --- [    Test worker] t.c.s.AnnotationConfigContextLoaderUtils : Could not detect default configuration classes for test class [com.aulms.search.SemanticSearchApiContractTest]: SemanticSearchApiContractTest does not declare any static, non-private, non-final, nested classes annotated with @Configuration.
2026-05-29T17:16:54.736+09:00  INFO 34828 --- [    Test worker] .b.t.c.SpringBootTestContextBootstrapper : Found @SpringBootConfiguration com.aulms.AulmsBackendApplication for test class com.aulms.search.SemanticSearchApiContractTest
]]></system-out>
  <system-err><![CDATA[]]></system-err>
</testsuite>
