<?xml version="1.0" encoding="UTF-8"?>
<testsuite name="com.aulms.prompt.PromptTemplateApiContractTest" tests="2" skipped="0" failures="0" errors="0" timestamp="2026-05-29T08:16:53.994Z" hostname="NHY9M72K9J" time="0.069">
  <properties/>
  <testcase name="list get versions and preview vibe coding prompt template()" classname="com.aulms.prompt.PromptTemplateApiContractTest" time="0.053"/>
  <testcase name="return not found for unknown prompt template()" classname="com.aulms.prompt.PromptTemplateApiContractTest" time="0.015"/>
  <system-out><![CDATA[2026-05-29T17:16:53.974+09:00  INFO 34828 --- [    Test worker] t.c.s.AnnotationConfigContextLoaderUtils : Could not detect default configuration classes for test class [com.aulms.prompt.PromptTemplateApiContractTest]: PromptTemplateApiContractTest does not declare any static, non-private, non-final, nested classes annotated with @Configuration.
2026-05-29T17:16:53.991+09:00  INFO 34828 --- [    Test worker] .b.t.c.SpringBootTestContextBootstrapper : Found @SpringBootConfiguration com.aulms.AulmsBackendApplication for test class com.aulms.prompt.PromptTemplateApiContractTest
]]></system-out>
  <system-err><![CDATA[]]></system-err>
</testsuite>
