<?xml version="1.0" encoding="UTF-8"?>
<testsuite name="com.aulms.ai.DevelopmentAssistApiContractTest" tests="2" skipped="0" failures="0" errors="0" timestamp="2026-05-29T08:16:52.471Z" hostname="NHY9M72K9J" time="0.989">
  <properties/>
  <testcase name="development assist separates unknown term as candidate and warns non standard alias()" classname="com.aulms.ai.DevelopmentAssistApiContractTest" time="0.964"/>
  <testcase name="development assist maps customer order requirement to approved terms and artifacts()" classname="com.aulms.ai.DevelopmentAssistApiContractTest" time="0.022"/>
  <system-out><![CDATA[17:16:51.278 [Test worker] INFO org.springframework.test.context.support.AnnotationConfigContextLoaderUtils -- Could not detect default configuration classes for test class [com.aulms.ai.DevelopmentAssistApiContractTest]: DevelopmentAssistApiContractTest does not declare any static, non-private, non-final, nested classes annotated with @Configuration.
17:16:51.352 [Test worker] INFO org.springframework.boot.test.context.SpringBootTestContextBootstrapper -- Found @SpringBootConfiguration com.aulms.AulmsBackendApplication for test class com.aulms.ai.DevelopmentAssistApiContractTest

  .   ____          _            __ _ _
 /\\ / ___'_ __ _ _(_)_ __  __ _ \ \ \ \
( ( )\___ | '_ | '_| | '_ \/ _` | \ \ \ \
 \\/  ___)| |_)| | | | | || (_| |  ) ) ) )
  '  |____| .__|_| |_|_| |_\__, | / / / /
 =========|_|==============|___/=/_/_/_/

 :: Spring Boot ::                (v3.3.5)

2026-05-29T17:16:51.527+09:00  INFO 34828 --- [    Test worker] c.a.ai.DevelopmentAssistApiContractTest  : Starting DevelopmentAssistApiContractTest using Java 21.0.10 with PID 34828 (started by 1111489 in /Users/1111489/Documents/AULMS/apps/backend)
2026-05-29T17:16:51.528+09:00  INFO 34828 --- [    Test worker] c.a.ai.DevelopmentAssistApiContractTest  : No active profile set, falling back to 1 default profile: "default"
2026-05-29T17:16:52.436+09:00  INFO 34828 --- [    Test worker] o.s.b.t.m.w.SpringBootMockServletContext : Initializing Spring TestDispatcherServlet ''
2026-05-29T17:16:52.437+09:00  INFO 34828 --- [    Test worker] o.s.t.web.servlet.TestDispatcherServlet  : Initializing Servlet ''
2026-05-29T17:16:52.438+09:00  INFO 34828 --- [    Test worker] o.s.t.web.servlet.TestDispatcherServlet  : Completed initialization in 1 ms
2026-05-29T17:16:52.459+09:00  INFO 34828 --- [    Test worker] c.a.ai.DevelopmentAssistApiContractTest  : Started DevelopmentAssistApiContractTest in 1.035 seconds (process running for 1.813)
]]></system-out>
  <system-err><![CDATA[WARNING: A Java agent has been loaded dynamically (/Users/1111489/.gradle/caches/modules-2/files-2.1/net.bytebuddy/byte-buddy-agent/1.14.19/154da3a65b4f4a909d3e5bdec55d1b2b4cbb6ce1/byte-buddy-agent-1.14.19.jar)
WARNING: If a serviceability tool is in use, please run with -XX:+EnableDynamicAgentLoading to hide this warning
WARNING: If a serviceability tool is not in use, please run with -Djdk.instrument.traceUsage for more information
WARNING: Dynamic loading of agents will be disallowed by default in a future release
]]></system-err>
</testsuite>
