<?xml version="1.0" encoding="UTF-8"?>
<testsuite name="com.aulms.review.DocumentReviewApiContractTest" tests="1" skipped="0" failures="0" errors="0" timestamp="2026-05-30T08:13:02.539Z" hostname="NHY9M72K9J" time="0.026">
  <properties/>
  <testcase name="review document recommends standardized sentence and mappings()" classname="com.aulms.review.DocumentReviewApiContractTest" time="0.026"/>
  <system-out><![CDATA[2026-05-30T17:13:02.510+09:00  INFO 85462 --- [    Test worker] t.c.s.AnnotationConfigContextLoaderUtils : Could not detect default configuration classes for test class [com.aulms.review.DocumentReviewApiContractTest]: DocumentReviewApiContractTest does not declare any static, non-private, non-final, nested classes annotated with @Configuration.
2026-05-30T17:13:02.538+09:00  INFO 85462 --- [    Test worker] .b.t.c.SpringBootTestContextBootstrapper : Found @SpringBootConfiguration com.aulms.AulmsBackendApplication for test class com.aulms.review.DocumentReviewApiContractTest
]]></system-out>
  <system-err><![CDATA[]]></system-err>
</testsuite>
