<?xml version="1.0" encoding="UTF-8"?>
<testsuite name="com.aulms.rag.RagDocumentGeneratorTest" tests="2" skipped="0" failures="0" errors="0" timestamp="2026-05-29T08:16:54.069Z" hostname="NHY9M72K9J" time="0.266">
  <properties/>
  <testcase name="batch writes term markdown files(Path)" classname="com.aulms.rag.RagDocumentGeneratorTest" time="0.263"/>
  <testcase name="customer number document contains standard fields aliases and relationships()" classname="com.aulms.rag.RagDocumentGeneratorTest" time="0.002"/>
  <system-out><![CDATA[]]></system-out>
  <system-err><![CDATA[]]></system-err>
</testsuite>
