<?xml version="1.0" encoding="UTF-8"?>
<testsuite name="com.aulms.term.TermApiContractTest" tests="3" skipped="0" failures="0" errors="0" timestamp="2026-05-29T08:16:54.811Z" hostname="NHY9M72K9J" time="0.047">
  <properties/>
  <testcase name="get customer number term()" classname="com.aulms.term.TermApiContractTest" time="0.012"/>
  <testcase name="create and approve term()" classname="com.aulms.term.TermApiContractTest" time="0.019"/>
  <testcase name="list terms by customer id alias()" classname="com.aulms.term.TermApiContractTest" time="0.013"/>
  <system-out><![CDATA[2026-05-29T17:16:54.764+09:00  INFO 34828 --- [    Test worker] t.c.s.AnnotationConfigContextLoaderUtils : Could not detect default configuration classes for test class [com.aulms.term.TermApiContractTest]: TermApiContractTest does not declare any static, non-private, non-final, nested classes annotated with @Configuration.
2026-05-29T17:16:54.807+09:00  INFO 34828 --- [    Test worker] .b.t.c.SpringBootTestContextBootstrapper : Found @SpringBootConfiguration com.aulms.AulmsBackendApplication for test class com.aulms.term.TermApiContractTest
]]></system-out>
  <system-err><![CDATA[]]></system-err>
</testsuite>
