<?xml version="1.0" encoding="UTF-8"?>
<testsuite name="com.aulms.upload.TermUploadServiceTest" tests="1" skipped="0" failures="0" errors="0" timestamp="2026-06-04T10:47:04.557Z" hostname="NHY9M72K9J" time="0.166">
  <properties/>
  <testcase name="isolates failed row from successful rows()" classname="com.aulms.upload.TermUploadServiceTest" time="0.166"/>
  <system-out><![CDATA[]]></system-out>
  <system-err><![CDATA[WARNING: A Java agent has been loaded dynamically (/Users/1111489/.gradle/caches/modules-2/files-2.1/net.bytebuddy/byte-buddy-agent/1.14.19/154da3a65b4f4a909d3e5bdec55d1b2b4cbb6ce1/byte-buddy-agent-1.14.19.jar)
WARNING: If a serviceability tool is in use, please run with -XX:+EnableDynamicAgentLoading to hide this warning
WARNING: If a serviceability tool is not in use, please run with -Djdk.instrument.traceUsage for more information
WARNING: Dynamic loading of agents will be disallowed by default in a future release
]]></system-err>
</testsuite>
