<?xml version="1.0" encoding="UTF-8"?>
<testsuite name="com.aulms.review.DocumentReviewApiContractTest" tests="1" skipped="0" failures="0" errors="0" timestamp="2026-05-28T23:28:26.195Z" hostname="NHY9M72K9J" time="0.035">
  <properties/>
  <testcase name="review document recommends standardized sentence and mappings()" classname="com.aulms.review.DocumentReviewApiContractTest" time="0.035"/>
  <system-out><![CDATA[2026-05-29T08:28:26.181+09:00  INFO 38923 --- [    Test worker] t.c.s.AnnotationConfigContextLoaderUtils : Could not detect default configuration classes for test class [com.aulms.review.DocumentReviewApiContractTest]: DocumentReviewApiContractTest does not declare any static, non-private, non-final, nested classes annotated with @Configuration.
2026-05-29T08:28:26.193+09:00  INFO 38923 --- [    Test worker] .b.t.c.SpringBootTestContextBootstrapper : Found @SpringBootConfiguration com.aulms.AulmsBackendApplication for test class com.aulms.review.DocumentReviewApiContractTest
]]></system-out>
  <system-err><![CDATA[]]></system-err>
</testsuite>
