<?xml version="1.0" encoding="UTF-8"?>
<testsuite name="com.aulms.candidate.CandidateApiContractTest" tests="1" skipped="0" failures="0" errors="0" timestamp="2026-05-30T08:13:02.092Z" hostname="NHY9M72K9J" time="0.149">
  <properties/>
  <testcase name="create review and promote candidate to approved term()" classname="com.aulms.candidate.CandidateApiContractTest" time="0.149"/>
  <system-out><![CDATA[2026-05-30T17:13:02.071+09:00  INFO 85462 --- [    Test worker] t.c.s.AnnotationConfigContextLoaderUtils : Could not detect default configuration classes for test class [com.aulms.candidate.CandidateApiContractTest]: CandidateApiContractTest does not declare any static, non-private, non-final, nested classes annotated with @Configuration.
2026-05-30T17:13:02.090+09:00  INFO 85462 --- [    Test worker] .b.t.c.SpringBootTestContextBootstrapper : Found @SpringBootConfiguration com.aulms.AulmsBackendApplication for test class com.aulms.candidate.CandidateApiContractTest
]]></system-out>
  <system-err><![CDATA[]]></system-err>
</testsuite>
